.......Q1.....


 select test option: 
 	 1. sort 
 	 2. sort + display 
 	 3. sort + write 
	 2
 select dbfile to use: 
	 1. nation 
	 2. region 
	 3. customer 
	 4. part 
	 5. partsupp 
	 6. orders 
	 7. lineitem 
	 8. supplier 
 	 2	
 specify runlength:
	 2
 specify sort ordering (when done press ctrl-D):
	(r_name)
 producer: opened DBFile /Volumes/Data/OneDrive/Padai/Semester/DBI/Code/P1/bin/region.bin
Ran out of records to read
 producer: inserted 5 recs into the pipe
r_regionkey: [0], r_name: [AFRICA], r_comment: [lar deposits. blithely final packages cajole. regular waters are final requests. regular accounts are according to ]
r_regionkey: [1], r_name: [AMERICA], r_comment: [hs use ironic, even requests. s]
r_regionkey: [2], r_name: [ASIA], r_comment: [ges. thinly even pinto beans ca]
r_regionkey: [3], r_name: [EUROPE], r_comment: [ly final courts cajole furiously final excuse]
r_regionkey: [4], r_name: [MIDDLE EAST], r_comment: [uickly special accounts cajole carefully blithely close requests. carefully final asymptotes haggle furiousl]
consumer: removed 5 recs from the pipe
consumer: 5 recs out of 5 recs in sorted order

.......Q2.....

  
** IMPORTANT: MAKE SURE THE INFORMATION BELOW IS CORRECT **
 catalog location: 	/Volumes/Data/OneDrive/Padai/Semester/DBI/Code/P1/catalog
 tpch files dir: 	/Volumes/Data/OneDrive/Padai/Semester/DBI/Code/P1/data/
 heap files dir: 	/Volumes/Data/OneDrive/Padai/Semester/DBI/Code/P1/bin/
 

 select test option: 
 	 1. sort 
 	 2. sort + display 
 	 3. sort + write 
	 1
 select dbfile to use: 
	 1. nation 
	 2. region 
	 3. customer 
	 4. part 
	 5. partsupp 
	 6. orders 
	 7. lineitem 
	 8. supplier 
 	5
 specify runlength:
	 2
 specify sort ordering (when done press ctrl-D):
	(ps_suppkey) AND (ps_partkey)
 producer: opened DBFile /Volumes/Data/OneDrive/Padai/Semester/DBI/Code/P1/bin/partsupp.bin
Ran out of records to read
 producer: inserted 800000 recs into the pipe
 consumer: removed 800000 recs from the pipe
consumer: 800000 recs out of 800000 recs in sorted order


.......Q3.....


 
** IMPORTANT: MAKE SURE THE INFORMATION BELOW IS CORRECT **
 catalog location: 	/Volumes/Data/OneDrive/Padai/Semester/DBI/Code/P1/catalog
 tpch files dir: 	/Volumes/Data/OneDrive/Padai/Semester/DBI/Code/P1/data/
 heap files dir: 	/Volumes/Data/OneDrive/Padai/Semester/DBI/Code/P1/bin/
 

 select test option: 
 	 1. sort 
 	 2. sort + display 
 	 3. sort + write 
	 1
 select dbfile to use: 
	 1. nation 
	 2. region 
	 3. customer 
	 4. part 
	 5. partsupp 
	 6. orders 
	 7. lineitem 
	 8. supplier 
 	 7	
 specify runlength:
	 20
 specify sort ordering (when done press ctrl-D):
	 (l_shipdate) AND (l_extendedprice) AND (l_quantity) 
 producer: opened DBFile /Volumes/Data/OneDrive/Padai/Semester/DBI/Code/P1/bin/lineitem.bin
Ran out of records to read
 producer: inserted 6001215 recs into the pipe
 consumer: removed 6001215 recs from the pipe
 consumer: 6001215 recs out of 6001215 recs in sorted order
